Info: Nothing to build for Project 1
15:25:30 **** Incremental Build of configuration Debug for project Project 1 ****
Info: Internal Builder is used for build
g++ "-IC:\\MinGW" -O0 -g3 -Wall -c -fmessage-length=0 -o "src\\source.o" "..\\src\\source.cpp" 
g++ -o "Project 1.exe" "src\\source.o" 
Info: Nothing to build for Project 1
15:26:16 **** Incremental Build of configuration Debug for project Project 1 ****
Info: Internal Builder is used for build
g++ "-IC:\\MinGW" -O0 -g3 -Wall -c -fmessage-length=0 -o "src\\source.o" "..\\src\\source.cpp" 
g++ -o "Project 1.exe" "src\\source.o" 
15:29:37 **** Incremental Build of configuration Debug for project Project 1 ****
Info: Internal Builder is used for build
g++ "-IC:\\MinGW" -O0 -g3 -Wall -c -fmessage-length=0 -o "src\\source.o" "..\\src\\source.cpp" 
g++ -o "Project 1.exe" "src\\source.o" 
15:29:59 **** Incremental Build of configuration Debug for project Project 1 ****
Info: Internal Builder is used for build
g++ "-IC:\\MinGW" -O0 -g3 -Wall -c -fmessage-length=0 -o "src\\source.o" "..\\src\\source.cpp" 
g++ -o "Project 1.exe" "src\\source.o" 
Info: Nothing to build for Project 1
15:31:16 **** Incremental Build of configuration Debug for project Project 1 ****
Info: Internal Builder is used for build
g++ "-IC:\\MinGW" -O0 -g3 -Wall -c -fmessage-length=0 -o "src\\source.o" "..\\src\\source.cpp" 
g++ -o "Project 1.exe" "src\\source.o" 
15:32:37 **** Incremental Build of configuration Debug for project Project 1 ****
Info: Internal Builder is used for build
g++ "-IC:\\MinGW" -O0 -g3 -Wall -c -fmessage-length=0 -o "src\\source.o" "..\\src\\source.cpp" 
g++ -o "Project 1.exe" "src\\source.o" 
15:32:56 **** Incremental Build of configuration Debug for project Project 1 ****
Info: Internal Builder is used for build
g++ "-IC:\\MinGW" -O0 -g3 -Wall -c -fmessage-length=0 -o "src\\source.o" "..\\src\\source.cpp" 
g++ -o "Project 1.exe" "src\\source.o" 
15:42:36 **** Incremental Build of configuration Debug for project Project 1 ****
Info: Internal Builder is used for build
g++ "-IC:\\MinGW" -O0 -g3 -Wall -c -fmessage-length=0 -o "src\\source.o" "..\\src\\source.cpp" 
..\src\source.cpp: In function 'int main()':
..\src\source.cpp:78:16: warning: the address of 'bool readPuzzle(wordGame&, std::__cxx11::string)' will never be NULL [-Waddress]
  if (readPuzzle){
                ^
g++ -o "Project 1.exe" "src\\source.o" 
15:44:13 **** Incremental Build of configuration Debug for project Project 1 ****
Info: Internal Builder is used for build
g++ "-IC:\\MinGW" -O0 -g3 -Wall -c -fmessage-length=0 -o "src\\source.o" "..\\src\\source.cpp" 
..\src\source.cpp: In function 'int main()':
..\src\source.cpp:78:16: warning: the address of 'bool readPuzzle(wordGame&, std::__cxx11::string)' will never be NULL [-Waddress]
  if (readPuzzle){
                ^
g++ -o "Project 1.exe" "src\\source.o" 
15:44:56 **** Incremental Build of configuration Debug for project Project 1 ****
Info: Internal Builder is used for build
g++ "-IC:\\MinGW" -O0 -g3 -Wall -c -fmessage-length=0 -o "src\\source.o" "..\\src\\source.cpp" 
..\src\source.cpp: In function 'int main()':
..\src\source.cpp:78:16: warning: the address of 'bool readPuzzle(wordGame&, std::__cxx11::string)' will never be NULL [-Waddress]
  if (readPuzzle){
                ^
g++ -o "Project 1.exe" "src\\source.o" 
15:45:53 **** Incremental Build of configuration Debug for project Project 1 ****
Info: Internal Builder is used for build
g++ "-IC:\\MinGW" -O0 -g3 -Wall -c -fmessage-length=0 -o "src\\source.o" "..\\src\\source.cpp" 
..\src\source.cpp: In function 'int main()':
..\src\source.cpp:79:16: warning: the address of 'bool readPuzzle(wordGame&, std::__cxx11::string)' will never be NULL [-Waddress]
  if (readPuzzle){
                ^
g++ -o "Project 1.exe" "src\\source.o" 
15:46:47 **** Incremental Build of configuration Debug for project Project 1 ****
Info: Internal Builder is used for build
g++ "-IC:\\MinGW" -O0 -g3 -Wall -c -fmessage-length=0 -o "src\\source.o" "..\\src\\source.cpp" 
..\src\source.cpp: In function 'int main()':
..\src\source.cpp:79:16: warning: the address of 'bool readPuzzle(wordGame&, std::__cxx11::string)' will never be NULL [-Waddress]
  if (readPuzzle){
                ^
g++ -o "Project 1.exe" "src\\source.o" 
15:47:03 **** Incremental Build of configuration Debug for project Project 1 ****
Info: Internal Builder is used for build
g++ "-IC:\\MinGW" -O0 -g3 -Wall -c -fmessage-length=0 -o "src\\source.o" "..\\src\\source.cpp" 
..\src\source.cpp: In function 'int main()':
..\src\source.cpp:79:16: warning: the address of 'bool readPuzzle(wordGame&, std::__cxx11::string)' will never be NULL [-Waddress]
  if (readPuzzle){
                ^
g++ -o "Project 1.exe" "src\\source.o" 
15:49:56 **** Incremental Build of configuration Debug for project Project 1 ****
Info: Internal Builder is used for build
g++ "-IC:\\MinGW" -O0 -g3 -Wall -c -fmessage-length=0 -o "src\\source.o" "..\\src\\source.cpp" 
..\src\source.cpp: In function 'int main()':
..\src\source.cpp:83:16: warning: the address of 'bool readPuzzle(wordGame&, std::__cxx11::string)' will never be NULL [-Waddress]
  if (readPuzzle){
                ^
g++ -o "Project 1.exe" "src\\source.o" 
Info: Nothing to build for Project 1
15:51:32 **** Incremental Build of configuration Debug for project Project 1 ****
Info: Internal Builder is used for build
g++ "-IC:\\MinGW" -O0 -g3 -Wall -c -fmessage-length=0 -o "src\\source.o" "..\\src\\source.cpp" 
..\src\source.cpp: In function 'int main()':
..\src\source.cpp:85:16: warning: the address of 'bool readPuzzle(wordGame&, std::__cxx11::string)' will never be NULL [-Waddress]
  if (readPuzzle){
                ^
g++ -o "Project 1.exe" "src\\source.o" 
15:52:07 **** Incremental Build of configuration Debug for project Project 1 ****
Info: Internal Builder is used for build
g++ "-IC:\\MinGW" -O0 -g3 -Wall -c -fmessage-length=0 -o "src\\source.o" "..\\src\\source.cpp" 
g++ -o "Project 1.exe" "src\\source.o" 
15:52:28 **** Incremental Build of configuration Debug for project Project 1 ****
Info: Internal Builder is used for build
g++ "-IC:\\MinGW" -O0 -g3 -Wall -c -fmessage-length=0 -o "src\\source.o" "..\\src\\source.cpp" 
g++ -o "Project 1.exe" "src\\source.o" 
16:18:36 **** Incremental Build of configuration Debug for project Project 1 ****
Info: Internal Builder is used for build
g++ "-IC:\\MinGW" -O0 -g3 -Wall -c -fmessage-length=0 -o "src\\source.o" "..\\src\\source.cpp" 
g++ -o "Project 1.exe" "src\\source.o" 
16:19:17 **** Incremental Build of configuration Debug for project Project 1 ****
Info: Internal Builder is used for build
g++ "-IC:\\MinGW" -O0 -g3 -Wall -c -fmessage-length=0 -o "src\\source.o" "..\\src\\source.cpp" 
g++ -o "Project 1.exe" "src\\source.o" 
16:20:12 **** Incremental Build of configuration Debug for project Project 1 ****
Info: Internal Builder is used for build
g++ "-IC:\\MinGW" -O0 -g3 -Wall -c -fmessage-length=0 -o "src\\source.o" "..\\src\\source.cpp" 
..\src\source.cpp: In function 'void findWord(wordGame&, wordFind&)':
..\src\source.cpp:95:7: error: expected ';' before '}' token
       }
       ^
16:20:26 **** Incremental Build of configuration Debug for project Project 1 ****
Info: Internal Builder is used for build
g++ "-IC:\\MinGW" -O0 -g3 -Wall -c -fmessage-length=0 -o "src\\source.o" "..\\src\\source.cpp" 
g++ -o "Project 1.exe" "src\\source.o" 
16:21:48 **** Incremental Build of configuration Debug for project Project 1 ****
Info: Internal Builder is used for build
g++ "-IC:\\MinGW" -O0 -g3 -Wall -c -fmessage-length=0 -o "src\\source.o" "..\\src\\source.cpp" 
g++ -o "Project 1.exe" "src\\source.o" 
16:31:15 **** Incremental Build of configuration Debug for project Project 1 ****
Info: Internal Builder is used for build
g++ "-IC:\\MinGW" -O0 -g3 -Wall -c -fmessage-length=0 -o "src\\source.o" "..\\src\\source.cpp" 
g++ -o "Project 1.exe" "src\\source.o" 
16:46:13 **** Incremental Build of configuration Debug for project Project 1 ****
Info: Internal Builder is used for build
g++ "-IC:\\MinGW" -O0 -g3 -Wall -c -fmessage-length=0 -o "src\\source.o" "..\\src\\source.cpp" 
g++ -o "Project 1.exe" "src\\source.o" 
16:47:23 **** Incremental Build of configuration Debug for project Project 1 ****
Info: Internal Builder is used for build
g++ "-IC:\\MinGW" -O0 -g3 -Wall -c -fmessage-length=0 -o "src\\source.o" "..\\src\\source.cpp" 
g++ -o "Project 1.exe" "src\\source.o" 
16:50:01 **** Incremental Build of configuration Debug for project Project 1 ****
Info: Internal Builder is used for build
g++ "-IC:\\MinGW" -O0 -g3 -Wall -c -fmessage-length=0 -o "src\\source.o" "..\\src\\source.cpp" 
g++ -o "Project 1.exe" "src\\source.o" 
16:54:02 **** Incremental Build of configuration Debug for project Project 1 ****
Info: Internal Builder is used for build
g++ "-IC:\\MinGW" -O0 -g3 -Wall -c -fmessage-length=0 -o "src\\source.o" "..\\src\\source.cpp" 
g++ -o "Project 1.exe" "src\\source.o" 
17:01:01 **** Incremental Build of configuration Debug for project Project 1 ****
Info: Internal Builder is used for build
g++ "-IC:\\MinGW" -O0 -g3 -Wall -c -fmessage-length=0 -o "src\\source.o" "..\\src\\source.cpp" 
g++ -o "Project 1.exe" "src\\source.o" 
17:02:13 **** Incremental Build of configuration Debug for project Project 1 ****
Info: Internal Builder is used for build
g++ "-IC:\\MinGW" -O0 -g3 -Wall -c -fmessage-length=0 -o "src\\source.o" "..\\src\\source.cpp" 
g++ -o "Project 1.exe" "src\\source.o" 
17:03:57 **** Incremental Build of configuration Debug for project Project 1 ****
Info: Internal Builder is used for build
g++ "-IC:\\MinGW" -O0 -g3 -Wall -c -fmessage-length=0 -o "src\\source.o" "..\\src\\source.cpp" 
g++ -o "Project 1.exe" "src\\source.o" 
17:08:20 **** Incremental Build of configuration Debug for project Project 1 ****
Info: Internal Builder is used for build
g++ "-IC:\\MinGW" -O0 -g3 -Wall -c -fmessage-length=0 -o "src\\source.o" "..\\src\\source.cpp" 
g++ -o "Project 1.exe" "src\\source.o" 
17:09:55 **** Incremental Build of configuration Debug for project Project 1 ****
Info: Internal Builder is used for build
g++ "-IC:\\MinGW" -O0 -g3 -Wall -c -fmessage-length=0 -o "src\\source.o" "..\\src\\source.cpp" 
g++ -o "Project 1.exe" "src\\source.o" 
17:18:36 **** Incremental Build of configuration Debug for project Project 1 ****
Info: Internal Builder is used for build
g++ "-IC:\\MinGW" -O0 -g3 -Wall -c -fmessage-length=0 -o "src\\source.o" "..\\src\\source.cpp" 
g++ -o "Project 1.exe" "src\\source.o" 
17:20:02 **** Incremental Build of configuration Debug for project Project 1 ****
Info: Internal Builder is used for build
g++ "-IC:\\MinGW" -O0 -g3 -Wall -c -fmessage-length=0 -o "src\\source.o" "..\\src\\source.cpp" 
g++ -o "Project 1.exe" "src\\source.o" 
17:20:29 **** Incremental Build of configuration Debug for project Project 1 ****
Info: Internal Builder is used for build
g++ "-IC:\\MinGW" -O0 -g3 -Wall -c -fmessage-length=0 -o "src\\source.o" "..\\src\\source.cpp" 
g++ -o "Project 1.exe" "src\\source.o" 
17:21:14 **** Incremental Build of configuration Debug for project Project 1 ****
Info: Internal Builder is used for build
g++ "-IC:\\MinGW" -O0 -g3 -Wall -c -fmessage-length=0 -o "src\\source.o" "..\\src\\source.cpp" 
g++ -o "Project 1.exe" "src\\source.o" 
17:23:29 **** Incremental Build of configuration Debug for project Project 1 ****
Info: Internal Builder is used for build
g++ "-IC:\\MinGW" -O0 -g3 -Wall -c -fmessage-length=0 -o "src\\source.o" "..\\src\\source.cpp" 
g++ -o "Project 1.exe" "src\\source.o" 
17:25:16 **** Incremental Build of configuration Debug for project Project 1 ****
Info: Internal Builder is used for build
g++ "-IC:\\MinGW" -O0 -g3 -Wall -c -fmessage-length=0 -o "src\\source.o" "..\\src\\source.cpp" 
g++ -o "Project 1.exe" "src\\source.o" 
17:29:01 **** Incremental Build of configuration Debug for project Project 1 ****
Info: Internal Builder is used for build
g++ "-IC:\\MinGW" -O0 -g3 -Wall -c -fmessage-length=0 -o "src\\source.o" "..\\src\\source.cpp" 
g++ -o "Project 1.exe" "src\\source.o" 
17:41:03 **** Incremental Build of configuration Debug for project Project 1 ****
Info: Internal Builder is used for build
g++ "-IC:\\MinGW" -O0 -g3 -Wall -c -fmessage-length=0 -o "src\\source.o" "..\\src\\source.cpp" 
g++ -o "Project 1.exe" "src\\source.o" 
Info: Nothing to build for Project 1
17:43:27 **** Incremental Build of configuration Debug for project Project 1 ****
Info: Internal Builder is used for build
g++ "-IC:\\MinGW" -O0 -g3 -Wall -c -fmessage-length=0 -o "src\\source.o" "..\\src\\source.cpp" 
g++ -o "Project 1.exe" "src\\source.o" 
17:49:21 **** Incremental Build of configuration Debug for project Project 1 ****
Info: Internal Builder is used for build
g++ "-IC:\\MinGW" -O0 -g3 -Wall -c -fmessage-length=0 -o "src\\source.o" "..\\src\\source.cpp" 
g++ -o "Project 1.exe" "src\\source.o" 
Info: Nothing to build for Project 1
Info: Nothing to build for Project 1
17:52:15 **** Incremental Build of configuration Debug for project Project 1 ****
Info: Internal Builder is used for build
g++ "-IC:\\MinGW" -O0 -g3 -Wall -c -fmessage-length=0 -o "src\\source.o" "..\\src\\source.cpp" 
g++ -o "Project 1.exe" "src\\source.o" 
17:53:26 **** Incremental Build of configuration Debug for project Project 1 ****
Info: Internal Builder is used for build
g++ "-IC:\\MinGW" -O0 -g3 -Wall -c -fmessage-length=0 -o "src\\source.o" "..\\src\\source.cpp" 
g++ -o "Project 1.exe" "src\\source.o" 
16:42:56 **** Incremental Build of configuration Debug for project Project 1 ****
Info: Internal Builder is used for build
g++ "-IC:\\MinGW" -O0 -g3 -Wall -c -fmessage-length=0 -o "src\\source.o" "..\\src\\source.cpp" 
..\src\source.cpp: In function 'bool readPuzzle(wordGame&, std::__cxx11::string)':
..\src\source.cpp:58:22: warning: comparison between signed and unsigned integer expressions [-Wsign-compare]
  if (charList.size() < game.numberRows){
      ~~~~~~~~~~~~~~~~^~~~~~~~~~~~~~~~~
..\src\source.cpp:62:20: warning: comparison between signed and unsigned integer expressions [-Wsign-compare]
  for (int i = 0; i < charList.size(); i++){
                  ~~^~~~~~~~~~~~~~~~~
..\src\source.cpp:63:31: warning: comparison between signed and unsigned integer expressions [-Wsign-compare]
   if (charList.at(i).length() < game.numberColumns){
       ~~~~~~~~~~~~~~~~~~~~~~~~^~~~~~~~~~~~~~~~~~~~
g++ -o "Project 1.exe" "src\\source.o" 
16:45:14 **** Incremental Build of configuration Debug for project Project 1 ****
Info: Internal Builder is used for build
g++ "-IC:\\MinGW" -O0 -g3 -Wall -c -fmessage-length=0 -o "src\\source.o" "..\\src\\source.cpp" 
g++ -o "Project 1.exe" "src\\source.o" 
Info: Nothing to build for Project 1
16:46:18 **** Incremental Build of configuration Debug for project Project 1 ****
Info: Internal Builder is used for build
g++ "-IC:\\MinGW" -O0 -g3 -Wall -c -fmessage-length=0 -o "src\\source.o" "..\\src\\source.cpp" 
g++ -o "Project 1.exe" "src\\source.o" 
Info: Nothing to build for Project 1
Info: Nothing to build for Project 1
16:52:00 **** Incremental Build of configuration Debug for project Project 1 ****
Info: Internal Builder is used for build
g++ "-IC:\\MinGW" -O0 -g3 -Wall -c -fmessage-length=0 -o "src\\source.o" "..\\src\\source.cpp" 
g++ -o "Project 1.exe" "src\\source.o" 
C:/MinGW/bin/../lib/gcc/x86_64-w64-mingw32/7.3.0/../../../../x86_64-w64-mingw32/bin/ld.exe: cannot open output file Project 1.exe: Permission denied
collect2.exe: error: ld returned 1 exit status
16:52:16 **** Incremental Build of configuration Debug for project Project 1 ****
Info: Internal Builder is used for build
g++ -o "Project 1.exe" "src\\source.o" 
C:/MinGW/bin/../lib/gcc/x86_64-w64-mingw32/7.3.0/../../../../x86_64-w64-mingw32/bin/ld.exe: cannot open output file Project 1.exe: Permission denied
collect2.exe: error: ld returned 1 exit status
16:52:34 **** Incremental Build of configuration Debug for project Project 1 ****
Info: Internal Builder is used for build
g++ -o "Project 1.exe" "src\\source.o" 
C:/MinGW/bin/../lib/gcc/x86_64-w64-mingw32/7.3.0/../../../../x86_64-w64-mingw32/bin/ld.exe: cannot open output file Project 1.exe: Permission denied
collect2.exe: error: ld returned 1 exit status
16:56:39 **** Incremental Build of configuration Debug for project Project 1 ****
Info: Internal Builder is used for build
g++ "-IC:\\MinGW" -O0 -g3 -Wall -c -fmessage-length=0 -o "src\\source.o" "..\\src\\source.cpp" 
..\src\source.cpp: In function 'bool readPuzzle(wordGame&, std::__cxx11::string)':
..\src\source.cpp:58:22: warning: comparison between signed and unsigned integer expressions [-Wsign-compare]
  if (charList.size() != game.numberRows){
      ~~~~~~~~~~~~~~~~^~~~~~~~~~~~~~~~~~
g++ -o "Project 1.exe" "src\\source.o" 
C:/MinGW/bin/../lib/gcc/x86_64-w64-mingw32/7.3.0/../../../../x86_64-w64-mingw32/bin/ld.exe: cannot open output file Project 1.exe: Permission denied
collect2.exe: error: ld returned 1 exit status
16:56:54 **** Incremental Build of configuration Debug for project Project 1 ****
Info: Internal Builder is used for build
g++ -o "Project 1.exe" "src\\source.o" 
C:/MinGW/bin/../lib/gcc/x86_64-w64-mingw32/7.3.0/../../../../x86_64-w64-mingw32/bin/ld.exe: cannot open output file Project 1.exe: Permission denied
collect2.exe: error: ld returned 1 exit status
17:05:10 **** Incremental Build of configuration Debug for project Project 1 ****
Info: Internal Builder is used for build
g++ "-IC:\\MinGW" -O0 -g3 -Wall -c -fmessage-length=0 -o "src\\source.o" "..\\src\\source.cpp" 
g++ -o "Project 1.exe" "src\\source.o" 
C:/MinGW/bin/../lib/gcc/x86_64-w64-mingw32/7.3.0/../../../../x86_64-w64-mingw32/bin/ld.exe: cannot open output file Project 1.exe: Permission denied
collect2.exe: error: ld returned 1 exit status
17:05:50 **** Incremental Build of configuration Debug for project Project 1 ****
Info: Internal Builder is used for build
g++ "-IC:\\MinGW" -O0 -g3 -Wall -c -fmessage-length=0 -o "src\\source.o" "..\\src\\source.cpp" 
g++ -o "Project 1.exe" "src\\source.o" 
C:/MinGW/bin/../lib/gcc/x86_64-w64-mingw32/7.3.0/../../../../x86_64-w64-mingw32/bin/ld.exe: cannot open output file Project 1.exe: Permission denied
collect2.exe: error: ld returned 1 exit status
17:06:37 **** Incremental Build of configuration Debug for project Project 1 ****
Info: Internal Builder is used for build
g++ "-IC:\\MinGW" -O0 -g3 -Wall -c -fmessage-length=0 -o "src\\source.o" "..\\src\\source.cpp" 
g++ -o "Project 1.exe" "src\\source.o" 
C:/MinGW/bin/../lib/gcc/x86_64-w64-mingw32/7.3.0/../../../../x86_64-w64-mingw32/bin/ld.exe: cannot open output file Project 1.exe: Permission denied
collect2.exe: error: ld returned 1 exit status
17:07:27 **** Incremental Build of configuration Debug for project Project 1 ****
Info: Internal Builder is used for build
g++ -o "Project 1.exe" "src\\source.o" 
C:/MinGW/bin/../lib/gcc/x86_64-w64-mingw32/7.3.0/../../../../x86_64-w64-mingw32/bin/ld.exe: cannot open output file Project 1.exe: Permission denied
collect2.exe: error: ld returned 1 exit status
17:08:11 **** Incremental Build of configuration Debug for project Project 1 ****
Info: Internal Builder is used for build
g++ -o "Project 1.exe" "src\\source.o" 
C:/MinGW/bin/../lib/gcc/x86_64-w64-mingw32/7.3.0/../../../../x86_64-w64-mingw32/bin/ld.exe: cannot open output file Project 1.exe: Permission denied
collect2.exe: error: ld returned 1 exit status
17:08:34 **** Incremental Build of configuration Debug for project Project 1 ****
Info: Internal Builder is used for build
g++ -o "Project 1.exe" "src\\source.o" 
17:09:01 **** Incremental Build of configuration Debug for project Project 1 ****
Info: Internal Builder is used for build
g++ "-IC:\\MinGW" -O0 -g3 -Wall -c -fmessage-length=0 -o "src\\source.o" "..\\src\\source.cpp" 
g++ -o "Project 1.exe" "src\\source.o" 
Info: Nothing to build for Project 1
17:09:43 **** Incremental Build of configuration Debug for project Project 1 ****
Info: Internal Builder is used for build
g++ "-IC:\\MinGW" -O0 -g3 -Wall -c -fmessage-length=0 -o "src\\source.o" "..\\src\\source.cpp" 
g++ -o "Project 1.exe" "src\\source.o" 
17:10:12 **** Incremental Build of configuration Debug for project Project 1 ****
Info: Internal Builder is used for build
g++ "-IC:\\MinGW" -O0 -g3 -Wall -c -fmessage-length=0 -o "src\\source.o" "..\\src\\source.cpp" 
g++ -o "Project 1.exe" "src\\source.o" 
Info: Nothing to build for Project 1
17:11:19 **** Incremental Build of configuration Debug for project Project 1 ****
Info: Internal Builder is used for build
g++ "-IC:\\MinGW" -O0 -g3 -Wall -c -fmessage-length=0 -o "src\\source.o" "..\\src\\source.cpp" 
g++ -o "Project 1.exe" "src\\source.o" 
Info: Nothing to build for Project 1
17:12:16 **** Incremental Build of configuration Debug for project Project 1 ****
Info: Internal Builder is used for build
g++ "-IC:\\MinGW" -O0 -g3 -Wall -c -fmessage-length=0 -o "src\\source.o" "..\\src\\source.cpp" 
g++ -o "Project 1.exe" "src\\source.o" 
Info: Nothing to build for Project 1
Info: Nothing to build for Project 1
17:13:58 **** Incremental Build of configuration Debug for project Project 1 ****
Info: Internal Builder is used for build
g++ "-IC:\\MinGW" -O0 -g3 -Wall -c -fmessage-length=0 -o "src\\source.o" "..\\src\\source.cpp" 
g++ -o "Project 1.exe" "src\\source.o" 
Info: Nothing to build for Project 1
Info: Nothing to build for Project 1
Info: Nothing to build for Project 1
17:21:56 **** Incremental Build of configuration Debug for project Project 1 ****
Info: Internal Builder is used for build
g++ "-IC:\\MinGW" -O0 -g3 -Wall -c -fmessage-length=0 -o "src\\source.o" "..\\src\\source.cpp" 
..\src\source.cpp:65:2: warning: "/*" within comment [-Wcomment]
  /*if (charList.size() < game.numberRows){
   
g++ -o "Project 1.exe" "src\\source.o" 
17:22:54 **** Incremental Build of configuration Debug for project Project 1 ****
Info: Internal Builder is used for build
g++ "-IC:\\MinGW" -O0 -g3 -Wall -c -fmessage-length=0 -o "src\\source.o" "..\\src\\source.cpp" 
..\src\source.cpp:66:2: warning: "/*" within comment [-Wcomment]
  /*if (charList.size() < game.numberRows){
   
g++ -o "Project 1.exe" "src\\source.o" 
17:24:08 **** Incremental Build of configuration Debug for project Project 1 ****
Info: Internal Builder is used for build
g++ "-IC:\\MinGW" -O0 -g3 -Wall -c -fmessage-length=0 -o "src\\source.o" "..\\src\\source.cpp" 
..\src\source.cpp:66:2: warning: "/*" within comment [-Wcomment]
  /*if (charList.size() < game.numberRows){
   
g++ -o "Project 1.exe" "src\\source.o" 
17:25:12 **** Incremental Build of configuration Debug for project Project 1 ****
Info: Internal Builder is used for build
g++ "-IC:\\MinGW" -O0 -g3 -Wall -c -fmessage-length=0 -o "src\\source.o" "..\\src\\source.cpp" 
g++ -o "Project 1.exe" "src\\source.o" 
17:29:45 **** Incremental Build of configuration Debug for project Project 1 ****
Info: Internal Builder is used for build
g++ "-IC:\\MinGW" -O0 -g3 -Wall -c -fmessage-length=0 -o "src\\source.o" "..\\src\\source.cpp" 
..\src\source.cpp:66:2: warning: "/*" within comment [-Wcomment]
  /*if (charList.size() < game.numberRows){
   
..\src\source.cpp: In function 'bool readPuzzle(wordGame&, std::__cxx11::string)':
..\src\source.cpp:54:22: warning: comparison with string literal results in unspecified behavior [-Waddress]
   if (inFS.peek() == "\n"){
                      ^~~~
..\src\source.cpp:54:22: error: ISO C++ forbids comparison between pointer and integer [-fpermissive]
17:35:01 **** Incremental Build of configuration Debug for project Project 1 ****
Info: Internal Builder is used for build
g++ "-IC:\\MinGW" -O0 -g3 -Wall -c -fmessage-length=0 -o "src\\source.o" "..\\src\\source.cpp" 
..\src\source.cpp:65:2: warning: "/*" within comment [-Wcomment]
  /*if (charList.size() < game.numberRows){
   
g++ -o "Project 1.exe" "src\\source.o" 
Info: Nothing to build for Project 1
17:42:33 **** Incremental Build of configuration Debug for project Project 1 ****
Info: Internal Builder is used for build
g++ "-IC:\\MinGW" -O0 -g3 -Wall -c -fmessage-length=0 -o "src\\source.o" "..\\src\\source.cpp" 
g++ -o "Project 1.exe" "src\\source.o" 
C:/MinGW/bin/../lib/gcc/x86_64-w64-mingw32/7.3.0/../../../../x86_64-w64-mingw32/bin/ld.exe: cannot open output file Project 1.exe: Permission denied
collect2.exe: error: ld returned 1 exit status
17:42:41 **** Incremental Build of configuration Debug for project Project 1 ****
Info: Internal Builder is used for build
g++ -o "Project 1.exe" "src\\source.o" 
C:/MinGW/bin/../lib/gcc/x86_64-w64-mingw32/7.3.0/../../../../x86_64-w64-mingw32/bin/ld.exe: cannot open output file Project 1.exe: Permission denied
collect2.exe: error: ld returned 1 exit status
17:43:18 **** Incremental Build of configuration Debug for project Project 1 ****
Info: Internal Builder is used for build
g++ -o "Project 1.exe" "src\\source.o" 
C:/MinGW/bin/../lib/gcc/x86_64-w64-mingw32/7.3.0/../../../../x86_64-w64-mingw32/bin/ld.exe: cannot open output file Project 1.exe: Permission denied
collect2.exe: error: ld returned 1 exit status
17:43:26 **** Incremental Build of configuration Debug for project Project 1 ****
Info: Internal Builder is used for build
g++ -o "Project 1.exe" "src\\source.o" 
C:/MinGW/bin/../lib/gcc/x86_64-w64-mingw32/7.3.0/../../../../x86_64-w64-mingw32/bin/ld.exe: cannot open output file Project 1.exe: Permission denied
collect2.exe: error: ld returned 1 exit status
17:43:27 **** Incremental Build of configuration Debug for project Project 1 ****
Info: Internal Builder is used for build
g++ -o "Project 1.exe" "src\\source.o" 
C:/MinGW/bin/../lib/gcc/x86_64-w64-mingw32/7.3.0/../../../../x86_64-w64-mingw32/bin/ld.exe: cannot open output file Project 1.exe: Permission denied
collect2.exe: error: ld returned 1 exit status
17:43:28 **** Incremental Build of configuration Debug for project Project 1 ****
Info: Internal Builder is used for build
g++ -o "Project 1.exe" "src\\source.o" 
C:/MinGW/bin/../lib/gcc/x86_64-w64-mingw32/7.3.0/../../../../x86_64-w64-mingw32/bin/ld.exe: cannot open output file Project 1.exe: Permission denied
collect2.exe: error: ld returned 1 exit status
17:43:29 **** Incremental Build of configuration Debug for project Project 1 ****
Info: Internal Builder is used for build
g++ -o "Project 1.exe" "src\\source.o" 
C:/MinGW/bin/../lib/gcc/x86_64-w64-mingw32/7.3.0/../../../../x86_64-w64-mingw32/bin/ld.exe: cannot open output file Project 1.exe: Permission denied
collect2.exe: error: ld returned 1 exit status
17:43:34 **** Incremental Build of configuration Debug for project Project 1 ****
Info: Internal Builder is used for build
g++ -o "Project 1.exe" "src\\source.o" 
C:/MinGW/bin/../lib/gcc/x86_64-w64-mingw32/7.3.0/../../../../x86_64-w64-mingw32/bin/ld.exe: cannot open output file Project 1.exe: Permission denied
collect2.exe: error: ld returned 1 exit status
17:43:52 **** Incremental Build of configuration Debug for project Project 1 ****
Info: Internal Builder is used for build
g++ -o "Project 1.exe" "src\\source.o" 
Info: Nothing to build for Project 1
17:45:56 **** Incremental Build of configuration Debug for project Project 1 ****
Info: Internal Builder is used for build
g++ "-IC:\\MinGW" -O0 -g3 -Wall -c -fmessage-length=0 -o "src\\source.o" "..\\src\\source.cpp" 
g++ -o "Project 1.exe" "src\\source.o" 
Info: Nothing to build for Project 1
17:49:44 **** Incremental Build of configuration Debug for project Project 1 ****
Info: Internal Builder is used for build
g++ "-IC:\\MinGW" -O0 -g3 -Wall -c -fmessage-length=0 -o "src\\source.o" "..\\src\\source.cpp" 
..\src\source.cpp: In function 'int main()':
..\src\source.cpp:249:23: warning: comparison between signed and unsigned integer expressions [-Wsign-compare]
     for (int i = 0; i < wordToFind.word.length(); i++){
                     ~~^~~~~~~~~~~~~~~~~~~~~~~~~~
g++ -o "Project 1.exe" "src\\source.o" 
17:50:29 **** Incremental Build of configuration Debug for project Project 1 ****
Info: Internal Builder is used for build
g++ "-IC:\\MinGW" -O0 -g3 -Wall -c -fmessage-length=0 -o "src\\source.o" "..\\src\\source.cpp" 
g++ -o "Project 1.exe" "src\\source.o" 
17:56:43 **** Incremental Build of configuration Debug for project Project 1 ****
Info: Internal Builder is used for build
g++ "-IC:\\MinGW" -O0 -g3 -Wall -c -fmessage-length=0 -o "src\\source.o" "..\\src\\source.cpp" 
g++ -o "Project 1.exe" "src\\source.o" 
Info: Nothing to build for Project 1
Info: Nothing to build for Project 1
